TN:
SF:__tests__/helpers/testHelper.js
FN:7,setRequest
FN:11,request
FN:26,makeUserId
FN:30,makeNickName
FN:38,isDbMode
FN:49,getServerMode
FN:62,apiGet
FN:67,apiPost
FN:74,createRoom
FN:83,joinRoom
FN:97,getRoom
FN:102,toggleReady
FN:107,leaveRoom
FN:112,startGame
FN:117,getGameState
FN:123,submitNomination
FN:128,castVote
FN:133,castMissionVote
FN:138,endGame
FN:143,sendMessage
FN:151,getMessages
FN:158,getLatestMessages
FN:167,createRoomWithPlayers
FNF:23
FNH:19
FNDA:6,setRequest
FNDA:125,request
FNDA:46,makeUserId
FNDA:10,makeNickName
FNDA:3,isDbMode
FNDA:0,getServerMode
FNDA:29,apiGet
FNDA:96,apiPost
FNDA:12,createRoom
FNDA:30,joinRoom
FNDA:10,getRoom
FNDA:21,toggleReady
FNDA:6,leaveRoom
FNDA:2,startGame
FNDA:4,getGameState
FNDA:0,submitNomination
FNDA:0,castVote
FNDA:0,castMissionVote
FNDA:2,endGame
FNDA:6,sendMessage
FNDA:3,getMessages
FNDA:1,getLatestMessages
FNDA:2,createRoomWithPlayers
DA:1,6
DA:3,6
DA:5,6
DA:8,6
DA:12,125
DA:13,0
DA:14,0
DA:15,0
DA:16,0
DA:18,0
DA:23,6
DA:24,6
DA:27,46
DA:31,10
DA:36,6
DA:39,3
DA:40,3
DA:41,3
DA:42,3
DA:44,0
DA:46,3
DA:50,0
DA:51,0
DA:52,0
DA:53,0
DA:54,0
DA:55,0
DA:56,0
DA:58,0
DA:63,29
DA:64,29
DA:68,96
DA:69,96
DA:75,12
DA:80,12
DA:84,30
DA:94,30
DA:98,10
DA:99,10
DA:103,21
DA:104,21
DA:108,6
DA:109,6
DA:113,2
DA:114,2
DA:118,4
DA:119,4
DA:120,4
DA:124,0
DA:125,0
DA:129,0
DA:130,0
DA:134,0
DA:135,0
DA:139,2
DA:140,2
DA:144,6
DA:148,6
DA:152,3
DA:153,3
DA:154,3
DA:155,3
DA:159,1
DA:160,1
DA:168,2
DA:169,2
DA:170,2
DA:171,2
DA:172,2
DA:173,2
DA:175,2
DA:176,2
DA:177,8
DA:178,8
DA:181,2
DA:182,8
DA:183,8
DA:184,8
DA:187,2
DA:188,10
DA:191,2
DA:194,6
LF:82
LH:62
BRDA:3,0,0,6
BRDA:3,0,1,6
BRDA:12,1,0,125
BRDA:12,1,1,0
BRDA:13,2,0,0
BRDA:13,2,1,0
BRDA:31,3,0,10
BRDA:31,3,1,0
BRDA:39,4,0,0
BRDA:39,4,1,3
BRDA:42,5,0,3
BRDA:42,5,1,0
BRDA:50,6,0,0
BRDA:50,6,1,0
BRDA:56,7,0,0
BRDA:56,7,1,0
BRDA:77,8,0,12
BRDA:77,8,1,0
BRDA:88,9,0,30
BRDA:88,9,1,0
BRDA:92,10,0,30
BRDA:92,10,1,0
BRDA:118,11,0,1
BRDA:118,11,1,3
BRDA:145,12,0,6
BRDA:145,12,1,0
BRDA:146,13,0,6
BRDA:146,13,1,3
BRDA:152,14,0,3
BRDA:152,14,1,0
BRDA:153,15,0,0
BRDA:153,15,1,3
BRDA:159,16,0,1
BRDA:159,16,1,0
BRDA:171,17,0,0
BRDA:171,17,1,2
BRDA:183,18,0,0
BRDA:183,18,1,8
BRF:38
BRH:19
end_of_record
TN:
SF:config/db.js
FN:5,validateEnvVars
FN:7,(anonymous_1)
FN:13,(anonymous_2)
FN:55,initPool
FN:87,getPool
FN:100,query
FN:118,transaction
FN:140,getConnection
FN:149,closePool
FN:163,checkConnection
FN:177,(anonymous_10)
FN:189,getStats
FNF:12
FNH:0
FNDA:0,validateEnvVars
FNDA:0,(anonymous_1)
FNDA:0,(anonymous_2)
FNDA:0,initPool
FNDA:0,getPool
FNDA:0,query
FNDA:0,transaction
FNDA:0,getConnection
FNDA:0,closePool
FNDA:0,checkConnection
FNDA:0,(anonymous_10)
FNDA:0,getStats
DA:2,1
DA:6,0
DA:7,0
DA:9,0
DA:10,0
DA:11,0
DA:12,0
DA:13,0
DA:14,0
DA:16,0
DA:20,0
DA:21,0
DA:22,0
DA:23,0
DA:24,0
DA:29,1
DA:49,1
DA:56,0
DA:57,0
DA:59,0
DA:61,0
DA:62,0
DA:65,0
DA:66,0
DA:67,0
DA:69,0
DA:71,0
DA:72,0
DA:79,0
DA:88,0
DA:89,0
DA:91,0
DA:101,0
DA:102,0
DA:103,0
DA:104,0
DA:106,0
DA:107,0
DA:108,0
DA:109,0
DA:119,0
DA:120,0
DA:122,0
DA:123,0
DA:124,0
DA:125,0
DA:126,0
DA:128,0
DA:129,0
DA:130,0
DA:132,0
DA:141,0
DA:142,0
DA:150,0
DA:151,0
DA:152,0
DA:153,0
DA:164,0
DA:165,0
DA:166,0
DA:167,0
DA:168,0
DA:169,0
DA:170,0
DA:171,0
DA:173,0
DA:175,0
DA:176,0
DA:177,0
DA:181,0
DA:182,0
DA:190,0
DA:191,0
DA:206,0
DA:207,0
DA:208,0
DA:209,0
DA:210,0
DA:212,0
DA:216,0
DA:218,0
DA:219,0
DA:224,1
LF:83
LH:4
BRDA:9,0,0,0
BRDA:9,0,1,0
BRDA:14,1,0,0
BRDA:14,1,1,0
BRDA:21,2,0,0
BRDA:21,2,1,0
BRDA:21,3,0,0
BRDA:21,3,1,0
BRDA:21,3,2,0
BRDA:36,4,0,1
BRDA:36,4,1,1
BRDA:57,5,0,0
BRDA:57,5,1,0
BRDA:88,6,0,0
BRDA:88,6,1,0
BRDA:100,7,0,0
BRDA:150,8,0,0
BRDA:150,8,1,0
BRDA:163,9,0,0
BRDA:163,10,0,0
BRDA:170,11,0,0
BRDA:170,11,1,0
BRDA:176,12,0,0
BRDA:176,12,1,0
BRDA:193,13,0,0
BRDA:193,13,1,0
BRDA:193,14,0,0
BRDA:193,14,1,0
BRDA:194,15,0,0
BRDA:194,15,1,0
BRDA:194,16,0,0
BRDA:194,16,1,0
BRF:32
BRH:2
end_of_record
TN:
SF:models/GameModel.js
FN:10,(anonymous_0)
FN:14,(anonymous_1)
FN:82,(anonymous_2)
FN:117,(anonymous_3)
FN:177,(anonymous_4)
FN:181,(anonymous_5)
FN:194,(anonymous_6)
FN:204,(anonymous_7)
FN:228,(anonymous_8)
FN:230,(anonymous_9)
FN:290,(anonymous_10)
FN:292,(anonymous_11)
FN:344,(anonymous_12)
FN:345,(anonymous_13)
FN:404,(anonymous_14)
FN:406,(anonymous_15)
FN:466,(anonymous_16)
FN:543,(anonymous_17)
FN:545,(anonymous_18)
FN:581,(anonymous_19)
FN:601,(anonymous_20)
FN:616,(anonymous_21)
FN:637,(anonymous_22)
FN:650,(anonymous_23)
FN:669,(anonymous_24)
FNF:25
FNH:4
FNDA:0,(anonymous_0)
FNDA:0,(anonymous_1)
FNDA:0,(anonymous_2)
FNDA:0,(anonymous_3)
FNDA:0,(anonymous_4)
FNDA:0,(anonymous_5)
FNDA:0,(anonymous_6)
FNDA:0,(anonymous_7)
FNDA:0,(anonymous_8)
FNDA:0,(anonymous_9)
FNDA:0,(anonymous_10)
FNDA:0,(anonymous_11)
FNDA:0,(anonymous_12)
FNDA:0,(anonymous_13)
FNDA:0,(anonymous_14)
FNDA:0,(anonymous_15)
FNDA:0,(anonymous_16)
FNDA:0,(anonymous_17)
FNDA:0,(anonymous_18)
FNDA:31,(anonymous_19)
FNDA:95,(anonymous_20)
FNDA:57,(anonymous_21)
FNDA:3,(anonymous_22)
FNDA:0,(anonymous_23)
FNDA:0,(anonymous_24)
DA:2,1
DA:11,0
DA:12,0
DA:14,0
DA:16,0
DA:27,0
DA:28,0
DA:31,0
DA:32,0
DA:35,0
DA:36,0
DA:39,0
DA:40,0
DA:44,0
DA:51,0
DA:52,0
DA:55,0
DA:63,0
DA:64,0
DA:65,0
DA:66,0
DA:68,0
DA:76,0
DA:82,0
DA:88,0
DA:104,0
DA:106,0
DA:107,0
DA:118,0
DA:120,0
DA:129,0
DA:130,0
DA:133,0
DA:136,0
DA:137,0
DA:139,0
DA:140,0
DA:144,0
DA:154,0
DA:157,0
DA:165,0
DA:174,0
DA:175,0
DA:177,0
DA:178,0
DA:181,0
DA:182,0
DA:186,0
DA:194,0
DA:202,0
DA:203,0
DA:204,0
DA:205,0
DA:206,0
DA:210,0
DA:216,0
DA:217,0
DA:229,0
DA:230,0
DA:232,0
DA:239,0
DA:240,0
DA:243,0
DA:244,0
DA:248,0
DA:253,0
DA:254,0
DA:255,0
DA:259,0
DA:260,0
DA:261,0
DA:262,0
DA:266,0
DA:276,0
DA:278,0
DA:279,0
DA:291,0
DA:292,0
DA:294,0
DA:301,0
DA:302,0
DA:305,0
DA:306,0
DA:310,0
DA:316,0
DA:317,0
DA:321,0
DA:328,0
DA:334,0
DA:336,0
DA:338,0
DA:344,0
DA:345,0
DA:347,0
DA:349,0
DA:358,0
DA:360,0
DA:362,0
DA:372,0
DA:374,0
DA:389,0
DA:391,0
DA:392,0
DA:405,0
DA:406,0
DA:408,0
DA:415,0
DA:416,0
DA:419,0
DA:420,0
DA:424,0
DA:425,0
DA:426,0
DA:427,0
DA:432,0
DA:438,0
DA:439,0
DA:443,0
DA:450,0
DA:456,0
DA:458,0
DA:460,0
DA:466,0
DA:469,0
DA:470,0
DA:473,0
DA:476,0
DA:483,0
DA:489,0
DA:492,0
DA:494,0
DA:502,0
DA:504,0
DA:514,0
DA:515,0
DA:517,0
DA:531,0
DA:533,0
DA:534,0
DA:544,0
DA:545,0
DA:547,0
DA:550,0
DA:559,0
DA:567,0
DA:569,0
DA:570,0
DA:582,31
DA:593,31
DA:602,95
DA:603,95
DA:605,95
DA:606,33
DA:607,1
DA:617,57
DA:628,57
DA:629,57
DA:638,3
DA:639,3
DA:640,11
DA:641,11
DA:643,3
DA:651,0
DA:652,0
DA:653,0
DA:658,0
DA:661,0
DA:665,0
DA:670,0
DA:671,0
DA:675,0
DA:676,0
DA:681,1
LF:173
LH:17
BRDA:27,0,0,0
BRDA:27,0,1,0
BRDA:35,1,0,0
BRDA:35,1,1,0
BRDA:39,2,0,0
BRDA:39,2,1,0
BRDA:117,3,0,0
BRDA:129,4,0,0
BRDA:129,4,1,0
BRDA:136,5,0,0
BRDA:136,5,1,0
BRDA:139,6,0,0
BRDA:139,6,1,0
BRDA:198,7,0,0
BRDA:198,7,1,0
BRDA:203,8,0,0
BRDA:203,8,1,0
BRDA:205,9,0,0
BRDA:205,9,1,0
BRDA:239,10,0,0
BRDA:239,10,1,0
BRDA:243,11,0,0
BRDA:243,11,1,0
BRDA:254,12,0,0
BRDA:254,12,1,0
BRDA:254,13,0,0
BRDA:254,13,1,0
BRDA:261,14,0,0
BRDA:261,14,1,0
BRDA:301,15,0,0
BRDA:301,15,1,0
BRDA:305,16,0,0
BRDA:305,16,1,0
BRDA:316,17,0,0
BRDA:316,17,1,0
BRDA:336,18,0,0
BRDA:336,18,1,0
BRDA:347,19,0,0
BRDA:347,19,1,0
BRDA:360,20,0,0
BRDA:360,20,1,0
BRDA:415,21,0,0
BRDA:415,21,1,0
BRDA:419,22,0,0
BRDA:419,22,1,0
BRDA:424,23,0,0
BRDA:424,23,1,0
BRDA:426,24,0,0
BRDA:426,24,1,0
BRDA:438,25,0,0
BRDA:438,25,1,0
BRDA:458,26,0,0
BRDA:458,26,1,0
BRDA:469,27,0,0
BRDA:469,27,1,0
BRDA:473,28,0,0
BRDA:473,28,1,0
BRDA:473,28,2,0
BRDA:492,29,0,0
BRDA:492,29,1,0
BRDA:502,30,0,0
BRDA:502,30,1,0
BRDA:593,31,0,31
BRDA:593,31,1,1
BRDA:605,32,0,62
BRDA:605,32,1,33
BRDA:606,33,0,32
BRDA:606,33,1,1
BRDA:628,34,0,57
BRDA:628,34,1,1
BRDA:629,35,0,57
BRDA:629,35,1,1
BRF:72
BRH:10
end_of_record
