TN:
SF:__tests__/helpers/testHelper.js
FN:7,setRequest
FN:11,request
FN:26,makeUserId
FN:30,makeNickName
FN:38,isDbMode
FN:49,getServerMode
FN:62,apiGet
FN:67,apiPost
FN:74,createRoom
FN:116,joinRoom
FN:130,getRoom
FN:135,toggleReady
FN:140,leaveRoom
FN:145,startGame
FN:150,getGameState
FN:156,submitNomination
FN:161,castVote
FN:166,castMissionVote
FN:171,endGame
FN:176,sendMessage
FN:184,getMessages
FN:191,getLatestMessages
FN:200,createRoomWithPlayers
FNF:23
FNH:19
FNDA:6,setRequest
FNDA:128,request
FNDA:49,makeUserId
FNDA:10,makeNickName
FNDA:3,isDbMode
FNDA:0,getServerMode
FNDA:29,apiGet
FNDA:99,apiPost
FNDA:12,createRoom
FNDA:30,joinRoom
FNDA:10,getRoom
FNDA:21,toggleReady
FNDA:6,leaveRoom
FNDA:2,startGame
FNDA:4,getGameState
FNDA:0,submitNomination
FNDA:0,castVote
FNDA:0,castMissionVote
FNDA:2,endGame
FNDA:6,sendMessage
FNDA:3,getMessages
FNDA:1,getLatestMessages
FNDA:2,createRoomWithPlayers
DA:1,6
DA:3,6
DA:5,6
DA:8,6
DA:12,128
DA:13,0
DA:14,0
DA:15,0
DA:16,0
DA:18,0
DA:23,6
DA:24,6
DA:27,49
DA:31,10
DA:36,6
DA:39,3
DA:40,3
DA:41,3
DA:42,3
DA:44,0
DA:46,3
DA:50,0
DA:51,0
DA:52,0
DA:53,0
DA:54,0
DA:55,0
DA:56,0
DA:58,0
DA:63,29
DA:64,29
DA:68,99
DA:69,99
DA:75,12
DA:107,12
DA:113,12
DA:117,30
DA:127,30
DA:131,10
DA:132,10
DA:136,21
DA:137,21
DA:141,6
DA:142,6
DA:146,2
DA:147,2
DA:151,4
DA:152,4
DA:153,4
DA:157,0
DA:158,0
DA:162,0
DA:163,0
DA:167,0
DA:168,0
DA:172,2
DA:173,2
DA:177,6
DA:181,6
DA:185,3
DA:186,3
DA:187,3
DA:188,3
DA:192,1
DA:193,1
DA:201,2
DA:202,2
DA:203,2
DA:204,2
DA:205,2
DA:206,2
DA:208,2
DA:209,2
DA:210,8
DA:211,8
DA:214,2
DA:215,8
DA:216,8
DA:217,8
DA:220,2
DA:221,10
DA:224,2
DA:227,6
LF:83
LH:63
BRDA:3,0,0,6
BRDA:3,0,1,6
BRDA:12,1,0,128
BRDA:12,1,1,0
BRDA:13,2,0,0
BRDA:13,2,1,0
BRDA:31,3,0,10
BRDA:31,3,1,0
BRDA:39,4,0,0
BRDA:39,4,1,3
BRDA:42,5,0,3
BRDA:42,5,1,0
BRDA:50,6,0,0
BRDA:50,6,1,0
BRDA:56,7,0,0
BRDA:56,7,1,0
BRDA:109,8,0,12
BRDA:109,8,1,0
BRDA:121,9,0,30
BRDA:121,9,1,0
BRDA:125,10,0,30
BRDA:125,10,1,0
BRDA:151,11,0,1
BRDA:151,11,1,3
BRDA:178,12,0,6
BRDA:178,12,1,0
BRDA:179,13,0,6
BRDA:179,13,1,3
BRDA:185,14,0,3
BRDA:185,14,1,0
BRDA:186,15,0,0
BRDA:186,15,1,3
BRDA:192,16,0,1
BRDA:192,16,1,0
BRDA:204,17,0,0
BRDA:204,17,1,2
BRDA:216,18,0,0
BRDA:216,18,1,8
BRF:38
BRH:19
end_of_record
TN:
SF:config/db.js
FN:5,validateEnvVars
FN:7,(anonymous_1)
FN:13,(anonymous_2)
FN:55,initPool
FN:87,getPool
FN:100,query
FN:118,transaction
FN:140,getConnection
FN:149,closePool
FN:163,checkConnection
FN:177,(anonymous_10)
FN:189,getStats
FNF:12
FNH:0
FNDA:0,validateEnvVars
FNDA:0,(anonymous_1)
FNDA:0,(anonymous_2)
FNDA:0,initPool
FNDA:0,getPool
FNDA:0,query
FNDA:0,transaction
FNDA:0,getConnection
FNDA:0,closePool
FNDA:0,checkConnection
FNDA:0,(anonymous_10)
FNDA:0,getStats
DA:2,1
DA:6,0
DA:7,0
DA:9,0
DA:10,0
DA:11,0
DA:12,0
DA:13,0
DA:14,0
DA:16,0
DA:20,0
DA:21,0
DA:22,0
DA:23,0
DA:24,0
DA:29,1
DA:49,1
DA:56,0
DA:57,0
DA:59,0
DA:61,0
DA:62,0
DA:65,0
DA:66,0
DA:67,0
DA:69,0
DA:71,0
DA:72,0
DA:79,0
DA:88,0
DA:89,0
DA:91,0
DA:101,0
DA:102,0
DA:103,0
DA:104,0
DA:106,0
DA:107,0
DA:108,0
DA:109,0
DA:119,0
DA:120,0
DA:122,0
DA:123,0
DA:124,0
DA:125,0
DA:126,0
DA:128,0
DA:129,0
DA:130,0
DA:132,0
DA:141,0
DA:142,0
DA:150,0
DA:151,0
DA:152,0
DA:153,0
DA:164,0
DA:165,0
DA:166,0
DA:167,0
DA:168,0
DA:169,0
DA:170,0
DA:171,0
DA:173,0
DA:175,0
DA:176,0
DA:177,0
DA:181,0
DA:182,0
DA:190,0
DA:191,0
DA:206,0
DA:207,0
DA:208,0
DA:209,0
DA:210,0
DA:212,0
DA:216,0
DA:218,0
DA:219,0
DA:224,1
LF:83
LH:4
BRDA:9,0,0,0
BRDA:9,0,1,0
BRDA:14,1,0,0
BRDA:14,1,1,0
BRDA:21,2,0,0
BRDA:21,2,1,0
BRDA:21,3,0,0
BRDA:21,3,1,0
BRDA:21,3,2,0
BRDA:36,4,0,1
BRDA:36,4,1,1
BRDA:57,5,0,0
BRDA:57,5,1,0
BRDA:88,6,0,0
BRDA:88,6,1,0
BRDA:100,7,0,0
BRDA:150,8,0,0
BRDA:150,8,1,0
BRDA:163,9,0,0
BRDA:163,10,0,0
BRDA:170,11,0,0
BRDA:170,11,1,0
BRDA:176,12,0,0
BRDA:176,12,1,0
BRDA:193,13,0,0
BRDA:193,13,1,0
BRDA:193,14,0,0
BRDA:193,14,1,0
BRDA:194,15,0,0
BRDA:194,15,1,0
BRDA:194,16,0,0
BRDA:194,16,1,0
BRF:32
BRH:2
end_of_record
TN:
SF:models/GameModel.js
FN:10,(anonymous_0)
FN:14,(anonymous_1)
FN:88,(anonymous_2)
FN:123,(anonymous_3)
FN:183,(anonymous_4)
FN:187,(anonymous_5)
FN:200,(anonymous_6)
FN:210,(anonymous_7)
FN:234,(anonymous_8)
FN:236,(anonymous_9)
FN:296,(anonymous_10)
FN:298,(anonymous_11)
FN:350,(anonymous_12)
FN:351,(anonymous_13)
FN:410,(anonymous_14)
FN:412,(anonymous_15)
FN:472,(anonymous_16)
FN:549,(anonymous_17)
FN:551,(anonymous_18)
FN:587,(anonymous_19)
FN:607,(anonymous_20)
FN:622,(anonymous_21)
FN:643,(anonymous_22)
FN:656,(anonymous_23)
FN:675,(anonymous_24)
FNF:25
FNH:4
FNDA:0,(anonymous_0)
FNDA:0,(anonymous_1)
FNDA:0,(anonymous_2)
FNDA:0,(anonymous_3)
FNDA:0,(anonymous_4)
FNDA:0,(anonymous_5)
FNDA:0,(anonymous_6)
FNDA:0,(anonymous_7)
FNDA:0,(anonymous_8)
FNDA:0,(anonymous_9)
FNDA:0,(anonymous_10)
FNDA:0,(anonymous_11)
FNDA:0,(anonymous_12)
FNDA:0,(anonymous_13)
FNDA:0,(anonymous_14)
FNDA:0,(anonymous_15)
FNDA:0,(anonymous_16)
FNDA:0,(anonymous_17)
FNDA:0,(anonymous_18)
FNDA:31,(anonymous_19)
FNDA:95,(anonymous_20)
FNDA:57,(anonymous_21)
FNDA:3,(anonymous_22)
FNDA:0,(anonymous_23)
FNDA:0,(anonymous_24)
DA:2,1
DA:11,0
DA:12,0
DA:14,0
DA:16,0
DA:27,0
DA:28,0
DA:31,0
DA:32,0
DA:33,0
DA:36,0
DA:37,0
DA:40,0
DA:41,0
DA:45,0
DA:53,0
DA:54,0
DA:56,0
DA:58,0
DA:61,0
DA:69,0
DA:70,0
DA:71,0
DA:72,0
DA:74,0
DA:82,0
DA:88,0
DA:94,0
DA:110,0
DA:112,0
DA:113,0
DA:124,0
DA:126,0
DA:135,0
DA:136,0
DA:139,0
DA:142,0
DA:143,0
DA:145,0
DA:146,0
DA:150,0
DA:160,0
DA:163,0
DA:171,0
DA:180,0
DA:181,0
DA:183,0
DA:184,0
DA:187,0
DA:188,0
DA:192,0
DA:200,0
DA:208,0
DA:209,0
DA:210,0
DA:211,0
DA:212,0
DA:216,0
DA:222,0
DA:223,0
DA:235,0
DA:236,0
DA:238,0
DA:245,0
DA:246,0
DA:249,0
DA:250,0
DA:254,0
DA:259,0
DA:260,0
DA:261,0
DA:265,0
DA:266,0
DA:267,0
DA:268,0
DA:272,0
DA:282,0
DA:284,0
DA:285,0
DA:297,0
DA:298,0
DA:300,0
DA:307,0
DA:308,0
DA:311,0
DA:312,0
DA:316,0
DA:322,0
DA:323,0
DA:327,0
DA:334,0
DA:340,0
DA:342,0
DA:344,0
DA:350,0
DA:351,0
DA:353,0
DA:355,0
DA:364,0
DA:366,0
DA:368,0
DA:378,0
DA:380,0
DA:395,0
DA:397,0
DA:398,0
DA:411,0
DA:412,0
DA:414,0
DA:421,0
DA:422,0
DA:425,0
DA:426,0
DA:430,0
DA:431,0
DA:432,0
DA:433,0
DA:438,0
DA:444,0
DA:445,0
DA:449,0
DA:456,0
DA:462,0
DA:464,0
DA:466,0
DA:472,0
DA:475,0
DA:476,0
DA:479,0
DA:482,0
DA:489,0
DA:495,0
DA:498,0
DA:500,0
DA:508,0
DA:510,0
DA:520,0
DA:521,0
DA:523,0
DA:537,0
DA:539,0
DA:540,0
DA:550,0
DA:551,0
DA:553,0
DA:556,0
DA:565,0
DA:573,0
DA:575,0
DA:576,0
DA:588,31
DA:599,31
DA:608,95
DA:609,95
DA:611,95
DA:612,33
DA:613,1
DA:623,57
DA:634,57
DA:635,57
DA:644,3
DA:645,3
DA:646,11
DA:647,11
DA:649,3
DA:657,0
DA:658,0
DA:659,0
DA:664,0
DA:667,0
DA:671,0
DA:676,0
DA:677,0
DA:681,0
DA:682,0
DA:687,1
LF:176
LH:17
BRDA:27,0,0,0
BRDA:27,0,1,0
BRDA:33,1,0,0
BRDA:33,1,1,0
BRDA:33,2,0,0
BRDA:33,2,1,0
BRDA:36,3,0,0
BRDA:36,3,1,0
BRDA:40,4,0,0
BRDA:40,4,1,0
BRDA:53,5,0,0
BRDA:53,5,1,0
BRDA:53,6,0,0
BRDA:53,6,1,0
BRDA:53,6,2,0
BRDA:53,6,3,0
BRDA:123,7,0,0
BRDA:135,8,0,0
BRDA:135,8,1,0
BRDA:142,9,0,0
BRDA:142,9,1,0
BRDA:145,10,0,0
BRDA:145,10,1,0
BRDA:204,11,0,0
BRDA:204,11,1,0
BRDA:209,12,0,0
BRDA:209,12,1,0
BRDA:211,13,0,0
BRDA:211,13,1,0
BRDA:245,14,0,0
BRDA:245,14,1,0
BRDA:249,15,0,0
BRDA:249,15,1,0
BRDA:260,16,0,0
BRDA:260,16,1,0
BRDA:260,17,0,0
BRDA:260,17,1,0
BRDA:267,18,0,0
BRDA:267,18,1,0
BRDA:307,19,0,0
BRDA:307,19,1,0
BRDA:311,20,0,0
BRDA:311,20,1,0
BRDA:322,21,0,0
BRDA:322,21,1,0
BRDA:342,22,0,0
BRDA:342,22,1,0
BRDA:353,23,0,0
BRDA:353,23,1,0
BRDA:366,24,0,0
BRDA:366,24,1,0
BRDA:421,25,0,0
BRDA:421,25,1,0
BRDA:425,26,0,0
BRDA:425,26,1,0
BRDA:430,27,0,0
BRDA:430,27,1,0
BRDA:432,28,0,0
BRDA:432,28,1,0
BRDA:444,29,0,0
BRDA:444,29,1,0
BRDA:464,30,0,0
BRDA:464,30,1,0
BRDA:475,31,0,0
BRDA:475,31,1,0
BRDA:479,32,0,0
BRDA:479,32,1,0
BRDA:479,32,2,0
BRDA:498,33,0,0
BRDA:498,33,1,0
BRDA:508,34,0,0
BRDA:508,34,1,0
BRDA:599,35,0,31
BRDA:599,35,1,1
BRDA:611,36,0,62
BRDA:611,36,1,33
BRDA:612,37,0,32
BRDA:612,37,1,1
BRDA:634,38,0,57
BRDA:634,38,1,1
BRDA:635,39,0,57
BRDA:635,39,1,1
BRF:82
BRH:10
end_of_record
